0 info it worked if it ends with ok
1 verbose cli [ 'node', '/usr/local/bin/npm', 'link' ]
2 info using npm@2.13.2
3 info using node@v0.10.25
4 verbose node symlink /usr/bin/node
5 verbose linkPkg /home/robins/snaphy/generator-snaphy
6 silly gentlyRm /usr/lib/node_modules/generator-snaphy is being purged
7 verbose gentlyRm don't care about contents; nuking /usr/lib/node_modules/generator-snaphy
8 verbose link build target /usr/lib/node_modules/generator-snaphy
9 verbose install where, what [ '/home/robins/snaphy/generator-snaphy', [] ]
10 verbose readDependencies loading dependencies from /home/robins/snaphy/generator-snaphy/package.json
11 verbose install where, deps [ '/home/robins/snaphy/generator-snaphy',
11 verbose install   [ 'yeoman-generator',
11 verbose install     'chalk',
11 verbose install     'yosay',
11 verbose install     'yeoman-assert',
11 verbose install     'gulp',
11 verbose install     'gulp-eslint',
11 verbose install     'gulp-exclude-gitignore',
11 verbose install     'gulp-istanbul',
11 verbose install     'gulp-mocha',
11 verbose install     'gulp-plumber',
11 verbose install     'gulp-nsp',
11 verbose install     'gulp-coveralls' ] ]
12 verbose install where, peers [ '/home/robins/snaphy/generator-snaphy', [] ]
13 verbose installManyTop reading for lifecycle /home/robins/snaphy/generator-snaphy/package.json
14 info preinstall generator-snaphy@0.0.0
15 verbose installManyTop reading scoped package data from /home/robins/snaphy/generator-snaphy/node_modules/chalk/package.json
16 verbose installManyTop reading scoped package data from /home/robins/snaphy/generator-snaphy/node_modules/gulp/package.json
17 verbose installManyTop reading scoped package data from /home/robins/snaphy/generator-snaphy/node_modules/gulp-coveralls/package.json
18 verbose installManyTop reading scoped package data from /home/robins/snaphy/generator-snaphy/node_modules/gulp-eslint/package.json
19 verbose installManyTop reading scoped package data from /home/robins/snaphy/generator-snaphy/node_modules/gulp-exclude-gitignore/package.json
20 verbose installManyTop reading scoped package data from /home/robins/snaphy/generator-snaphy/node_modules/gulp-istanbul/package.json
21 verbose installManyTop reading scoped package data from /home/robins/snaphy/generator-snaphy/node_modules/gulp-mocha/package.json
22 verbose installManyTop reading scoped package data from /home/robins/snaphy/generator-snaphy/node_modules/gulp-nsp/package.json
23 verbose installManyTop reading scoped package data from /home/robins/snaphy/generator-snaphy/node_modules/gulp-plumber/package.json
24 verbose installManyTop reading scoped package data from /home/robins/snaphy/generator-snaphy/node_modules/yeoman-assert/package.json
25 verbose installManyTop reading scoped package data from /home/robins/snaphy/generator-snaphy/node_modules/yeoman-generator/package.json
26 verbose installManyTop reading scoped package data from /home/robins/snaphy/generator-snaphy/node_modules/yosay/package.json
27 info package.json gulp-coveralls@0.1.4 No license field.
28 info package.json gulp-istanbul@0.9.0 No license field.
29 info package.json yeoman-assert@2.1.0 license should be a valid SPDX license expression
30 verbose readDependencies loading dependencies from /home/robins/snaphy/generator-snaphy/package.json
31 verbose targetResolver reading package data from /home/robins/snaphy/generator-snaphy/node_modules/chalk/package.json
32 verbose targetResolver reading package data from /home/robins/snaphy/generator-snaphy/node_modules/gulp/package.json
33 verbose targetResolver reading package data from /home/robins/snaphy/generator-snaphy/node_modules/gulp-coveralls/package.json
34 verbose targetResolver reading package data from /home/robins/snaphy/generator-snaphy/node_modules/gulp-eslint/package.json
35 verbose targetResolver reading package data from /home/robins/snaphy/generator-snaphy/node_modules/gulp-exclude-gitignore/package.json
36 verbose targetResolver reading package data from /home/robins/snaphy/generator-snaphy/node_modules/gulp-istanbul/package.json
37 verbose targetResolver reading package data from /home/robins/snaphy/generator-snaphy/node_modules/gulp-mocha/package.json
38 verbose targetResolver reading package data from /home/robins/snaphy/generator-snaphy/node_modules/gulp-nsp/package.json
39 verbose targetResolver reading package data from /home/robins/snaphy/generator-snaphy/node_modules/gulp-plumber/package.json
40 verbose targetResolver reading package data from /home/robins/snaphy/generator-snaphy/node_modules/yeoman-assert/package.json
41 verbose targetResolver reading package data from /home/robins/snaphy/generator-snaphy/node_modules/yeoman-generator/package.json
42 verbose targetResolver reading package data from /home/robins/snaphy/generator-snaphy/node_modules/yosay/package.json
43 verbose targetResolver reading package data from /home/robins/snaphy/generator-snaphy/node_modules/.bin/gulp/package.json
44 verbose targetResolver reading package data from /home/robins/snaphy/generator-snaphy/node_modules/.bin/yosay/package.json
45 verbose already installed skipping yeoman-generator@^0.21.1 /home/robins/snaphy/generator-snaphy
46 verbose already installed skipping chalk@^1.0.0 /home/robins/snaphy/generator-snaphy
47 verbose already installed skipping yosay@^1.0.2 /home/robins/snaphy/generator-snaphy
48 verbose already installed skipping gulp@^3.6.0 /home/robins/snaphy/generator-snaphy
49 verbose already installed skipping yeoman-assert@^2.0.0 /home/robins/snaphy/generator-snaphy
50 verbose already installed skipping gulp-eslint@^1.0.0 /home/robins/snaphy/generator-snaphy
51 verbose already installed skipping gulp-exclude-gitignore@^1.0.0 /home/robins/snaphy/generator-snaphy
52 verbose already installed skipping gulp-istanbul@^0.9.0 /home/robins/snaphy/generator-snaphy
53 verbose already installed skipping gulp-mocha@^2.0.0 /home/robins/snaphy/generator-snaphy
54 verbose already installed skipping gulp-plumber@^1.0.0 /home/robins/snaphy/generator-snaphy
55 verbose already installed skipping gulp-nsp@^2.1.0 /home/robins/snaphy/generator-snaphy
56 verbose already installed skipping gulp-coveralls@^0.1.0 /home/robins/snaphy/generator-snaphy
57 silly install resolved []
58 info build /home/robins/snaphy/generator-snaphy
59 info linkStuff generator-snaphy@0.0.0
60 silly linkStuff generator-snaphy@0.0.0 has /home/robins/snaphy as its parent node_modules
61 verbose linkBins generator-snaphy@0.0.0
62 verbose linkMans generator-snaphy@0.0.0
63 verbose rebuildBundles generator-snaphy@0.0.0
64 verbose rebuildBundles [ '.bin',
64 verbose rebuildBundles   'chalk',
64 verbose rebuildBundles   'gulp',
64 verbose rebuildBundles   'gulp-coveralls',
64 verbose rebuildBundles   'gulp-eslint',
64 verbose rebuildBundles   'gulp-exclude-gitignore',
64 verbose rebuildBundles   'gulp-istanbul',
64 verbose rebuildBundles   'gulp-mocha',
64 verbose rebuildBundles   'gulp-nsp',
64 verbose rebuildBundles   'gulp-plumber',
64 verbose rebuildBundles   'yeoman-assert',
64 verbose rebuildBundles   'yeoman-generator',
64 verbose rebuildBundles   'yosay' ]
65 info install generator-snaphy@0.0.0
66 info postinstall generator-snaphy@0.0.0
67 info prepublish generator-snaphy@0.0.0
68 verbose unsafe-perm in lifecycle true
69 info generator-snaphy@0.0.0 Failed to exec prepublish script
70 verbose stack Error: generator-snaphy@0.0.0 prepublish: `gulp prepublish`
70 verbose stack Exit status 8
70 verbose stack     at EventEmitter.<anonymous> (/usr/local/lib/node_modules/npm/lib/utils/lifecycle.js:214:16)
70 verbose stack     at EventEmitter.emit (events.js:98:17)
70 verbose stack     at ChildProcess.<anonymous> (/usr/local/lib/node_modules/npm/lib/utils/spawn.js:24:14)
70 verbose stack     at ChildProcess.EventEmitter.emit (events.js:98:17)
70 verbose stack     at maybeClose (child_process.js:743:16)
70 verbose stack     at Process.ChildProcess._handle.onexit (child_process.js:810:5)
71 verbose pkgid generator-snaphy@0.0.0
72 verbose cwd /home/robins/snaphy/generator-snaphy
73 error Linux 3.19.0-25-generic
74 error argv "node" "/usr/local/bin/npm" "link"
75 error node v0.10.25
76 error npm  v2.13.2
77 error code ELIFECYCLE
78 error generator-snaphy@0.0.0 prepublish: `gulp prepublish`
78 error Exit status 8
79 error Failed at the generator-snaphy@0.0.0 prepublish script 'gulp prepublish'.
79 error This is most likely a problem with the generator-snaphy package,
79 error not with npm itself.
79 error Tell the author that this fails on your system:
79 error     gulp prepublish
79 error You can get their info via:
79 error     npm owner ls generator-snaphy
79 error There is likely additional logging output above.
80 verbose exit [ 1, true ]
